c:\p4\personal\sd\chess3d\temporary\chess3d_x86_release\vc143.pdb
c:\p4\personal\sd\chess3d\temporary\chess3d_x86_release\player.obj
c:\p4\personal\sd\chess3d\temporary\chess3d_x86_release\main_windows.obj
c:\p4\personal\sd\chess3d\temporary\chess3d_x86_release\gamecommon.obj
c:\p4\personal\sd\chess3d\temporary\chess3d_x86_release\game.obj
c:\p4\personal\sd\chess3d\temporary\chess3d_x86_release\chesspiecedefinition.obj
c:\p4\personal\sd\chess3d\temporary\chess3d_x86_release\chesspiece.obj
c:\p4\personal\sd\chess3d\temporary\chess3d_x86_release\chessmatch.obj
c:\p4\personal\sd\chess3d\temporary\chess3d_x86_release\chessboard.obj
c:\p4\personal\sd\chess3d\temporary\chess3d_x86_release\app.obj
c:\p4\personal\sd\chess3d\temporary\chess3d_x86_release\chess3d_release_x86.exe
c:\p4\personal\sd\chess3d\temporary\chess3d_x86_release\chess3d_release_x86.pdb
c:\p4\personal\sd\chess3d\temporary\chess3d_x86_release\chess3d_release_x86.ipdb
c:\p4\personal\sd\chess3d\temporary\chess3d_x86_release\chess3d_release_x86.iobj
c:\p4\personal\sd\chess3d\temporary\chess3d_x86_release\game.vcxproj.filelistabsolute.txt
c:\p4\personal\sd\chess3d\temporary\chess3d_x86_release\chess3d.tlog\cl.command.1.tlog
c:\p4\personal\sd\chess3d\temporary\chess3d_x86_release\chess3d.tlog\cl.items.tlog
c:\p4\personal\sd\chess3d\temporary\chess3d_x86_release\chess3d.tlog\cl.read.1.tlog
c:\p4\personal\sd\chess3d\temporary\chess3d_x86_release\chess3d.tlog\cl.write.1.tlog
c:\p4\personal\sd\chess3d\temporary\chess3d_x86_release\chess3d.tlog\link.command.1.tlog
c:\p4\personal\sd\chess3d\temporary\chess3d_x86_release\chess3d.tlog\link.read.1.tlog
c:\p4\personal\sd\chess3d\temporary\chess3d_x86_release\chess3d.tlog\link.secondary.1.tlog
c:\p4\personal\sd\chess3d\temporary\chess3d_x86_release\chess3d.tlog\link.write.1.tlog
