c:\p4\personal\sd\chess3d\temporary\engine_x86_release\engine.pdb
c:\p4\personal\sd\chess3d\temporary\engine_x86_release\xmlutils.obj
c:\p4\personal\sd\chess3d\temporary\engine_x86_release\vertex_pcutbn.obj
c:\p4\personal\sd\chess3d\temporary\engine_x86_release\vertex_pcu.obj
c:\p4\personal\sd\chess3d\temporary\engine_x86_release\vertexutils.obj
c:\p4\personal\sd\chess3d\temporary\engine_x86_release\timer.obj
c:\p4\personal\sd\chess3d\temporary\engine_x86_release\time.obj
c:\p4\personal\sd\chess3d\temporary\engine_x86_release\stringutils.obj
c:\p4\personal\sd\chess3d\temporary\engine_x86_release\rgba8.obj
c:\p4\personal\sd\chess3d\temporary\engine_x86_release\namedstrings.obj
c:\p4\personal\sd\chess3d\temporary\engine_x86_release\image.obj
c:\p4\personal\sd\chess3d\temporary\engine_x86_release\heatmaps.obj
c:\p4\personal\sd\chess3d\temporary\engine_x86_release\fileutils.obj
c:\p4\personal\sd\chess3d\temporary\engine_x86_release\eventsystem.obj
c:\p4\personal\sd\chess3d\temporary\engine_x86_release\errorwarningassert.obj
c:\p4\personal\sd\chess3d\temporary\engine_x86_release\enginecommon.obj
c:\p4\personal\sd\chess3d\temporary\engine_x86_release\devconsole.obj
c:\p4\personal\sd\chess3d\temporary\engine_x86_release\debugrender.obj
c:\p4\personal\sd\chess3d\temporary\engine_x86_release\clock.obj
c:\p4\personal\sd\chess3d\temporary\engine_x86_release\audiosystem.obj
c:\p4\personal\sd\chess3d\temporary\engine_x86_release\tinyxml2.obj
c:\p4\personal\sd\chess3d\temporary\engine_x86_release\obb2.obj
c:\p4\personal\sd\chess3d\temporary\engine_x86_release\mathutils.obj
c:\p4\personal\sd\chess3d\temporary\engine_x86_release\linesegment2.obj
c:\p4\personal\sd\chess3d\temporary\engine_x86_release\intvec2.obj
c:\p4\personal\sd\chess3d\temporary\engine_x86_release\intrange.obj
c:\p4\personal\sd\chess3d\temporary\engine_x86_release\floatrange.obj
c:\p4\personal\sd\chess3d\temporary\engine_x86_release\disc2.obj
c:\p4\personal\sd\chess3d\temporary\engine_x86_release\capsule2.obj
c:\p4\personal\sd\chess3d\temporary\engine_x86_release\aabb2.obj
c:\p4\personal\sd\chess3d\temporary\engine_x86_release\mat44.obj
c:\p4\personal\sd\chess3d\temporary\engine_x86_release\linesegment3.obj
c:\p4\personal\sd\chess3d\temporary\engine_x86_release\xboxcontroller.obj
c:\p4\personal\sd\chess3d\temporary\engine_x86_release\keybuttonstate.obj
c:\p4\personal\sd\chess3d\temporary\engine_x86_release\inputsystem.obj
c:\p4\personal\sd\chess3d\temporary\engine_x86_release\analogjoystick.obj
c:\p4\personal\sd\chess3d\temporary\engine_x86_release\eulerangles.obj
c:\p4\personal\sd\chess3d\temporary\engine_x86_release\easingfunctions.obj
c:\p4\personal\sd\chess3d\temporary\engine_x86_release\cylinder3d.obj
c:\p4\personal\sd\chess3d\temporary\engine_x86_release\curveutils.obj
c:\p4\personal\sd\chess3d\temporary\engine_x86_release\aabb3.obj
c:\p4\personal\sd\chess3d\temporary\engine_x86_release\shader.obj
c:\p4\personal\sd\chess3d\temporary\engine_x86_release\texture.obj
c:\p4\personal\sd\chess3d\temporary\engine_x86_release\spritesheet.obj
c:\p4\personal\sd\chess3d\temporary\engine_x86_release\spritedefinition.obj
c:\p4\personal\sd\chess3d\temporary\engine_x86_release\spriteanimdefintion.obj
c:\p4\personal\sd\chess3d\temporary\engine_x86_release\shadowmap.obj
c:\p4\personal\sd\chess3d\temporary\engine_x86_release\renderer.obj
c:\p4\personal\sd\chess3d\temporary\engine_x86_release\light.obj
c:\p4\personal\sd\chess3d\temporary\engine_x86_release\indexbuffer.obj
c:\p4\personal\sd\chess3d\temporary\engine_x86_release\constantbuffer.obj
c:\p4\personal\sd\chess3d\temporary\engine_x86_release\camera.obj
c:\p4\personal\sd\chess3d\temporary\engine_x86_release\bitmapfont.obj
c:\p4\personal\sd\chess3d\temporary\engine_x86_release\vec4.obj
c:\p4\personal\sd\chess3d\temporary\engine_x86_release\raycastutils.obj
c:\p4\personal\sd\chess3d\temporary\engine_x86_release\vec3.obj
c:\p4\personal\sd\chess3d\temporary\engine_x86_release\vec2.obj
c:\p4\personal\sd\chess3d\temporary\engine_x86_release\triangle2.obj
c:\p4\personal\sd\chess3d\temporary\engine_x86_release\randomnumbergenerator.obj
c:\p4\personal\sd\chess3d\temporary\engine_x86_release\plane3.obj
c:\p4\personal\sd\chess3d\temporary\engine_x86_release\obb3.obj
c:\p4\personal\sd\chess3d\temporary\engine_x86_release\window.obj
c:\p4\personal\sd\chess3d\temporary\engine_x86_release\sphere.obj
c:\p4\personal\sd\chess3d\temporary\engine_x86_release\vertexbuffer.obj
c:\p4\personal\sd\chess3d\temporary\engine_x86_release\engine.lib
c:\p4\personal\sd\chess3d\temporary\engine_x86_release\engine.vcxproj.filelistabsolute.txt
c:\p4\personal\sd\chess3d\temporary\engine_x86_release\engine.tlog\cl.command.1.tlog
c:\p4\personal\sd\chess3d\temporary\engine_x86_release\engine.tlog\cl.items.tlog
c:\p4\personal\sd\chess3d\temporary\engine_x86_release\engine.tlog\cl.read.1.tlog
c:\p4\personal\sd\chess3d\temporary\engine_x86_release\engine.tlog\cl.write.1.tlog
c:\p4\personal\sd\chess3d\temporary\engine_x86_release\engine.tlog\lib-link.write.1.tlog
c:\p4\personal\sd\chess3d\temporary\engine_x86_release\engine.tlog\lib.command.1.tlog
c:\p4\personal\sd\chess3d\temporary\engine_x86_release\engine.tlog\lib.read.1.tlog
