c:\p4\personal\sd\chess3d\temporary\chess3d_x64_debug\vc143.pdb
c:\p4\personal\sd\chess3d\temporary\chess3d_x64_debug\vc143.idb
c:\p4\personal\sd\chess3d\temporary\chess3d_x64_debug\player.obj
c:\p4\personal\sd\chess3d\temporary\chess3d_x64_debug\main_windows.obj
c:\p4\personal\sd\chess3d\temporary\chess3d_x64_debug\gamecommon.obj
c:\p4\personal\sd\chess3d\temporary\chess3d_x64_debug\game.obj
c:\p4\personal\sd\chess3d\temporary\chess3d_x64_debug\chesspiecedefinition.obj
c:\p4\personal\sd\chess3d\temporary\chess3d_x64_debug\chesspiece.obj
c:\p4\personal\sd\chess3d\temporary\chess3d_x64_debug\chessmatch.obj
c:\p4\personal\sd\chess3d\temporary\chess3d_x64_debug\chessboard.obj
c:\p4\personal\sd\chess3d\temporary\chess3d_x64_debug\app.obj
c:\p4\personal\sd\chess3d\temporary\chess3d_x64_debug\chess3d_debug_x64.exe
c:\p4\personal\sd\chess3d\temporary\chess3d_x64_debug\chess3d_debug_x64.pdb
c:\p4\personal\sd\chess3d\temporary\chess3d_x64_debug\chess3d_debug_x64.ilk
c:\p4\personal\sd\chess3d\temporary\chess3d_x64_debug\game.vcxproj.filelistabsolute.txt
c:\p4\personal\sd\chess3d\temporary\chess3d_x64_debug\chess3d.tlog\cl.command.1.tlog
c:\p4\personal\sd\chess3d\temporary\chess3d_x64_debug\chess3d.tlog\cl.items.tlog
c:\p4\personal\sd\chess3d\temporary\chess3d_x64_debug\chess3d.tlog\cl.read.1.tlog
c:\p4\personal\sd\chess3d\temporary\chess3d_x64_debug\chess3d.tlog\cl.write.1.tlog
c:\p4\personal\sd\chess3d\temporary\chess3d_x64_debug\chess3d.tlog\link.command.1.tlog
c:\p4\personal\sd\chess3d\temporary\chess3d_x64_debug\chess3d.tlog\link.read.1.tlog
c:\p4\personal\sd\chess3d\temporary\chess3d_x64_debug\chess3d.tlog\link.secondary.1.tlog
c:\p4\personal\sd\chess3d\temporary\chess3d_x64_debug\chess3d.tlog\link.write.1.tlog
