c:\p4\personal\sd\doomenstein\temporary\doomenstein_x86_release\vc143.pdb
c:\p4\personal\sd\doomenstein\temporary\doomenstein_x86_release\weapondefinition.obj
c:\p4\personal\sd\doomenstein\temporary\doomenstein_x86_release\weapon.obj
c:\p4\personal\sd\doomenstein\temporary\doomenstein_x86_release\tiledefinition.obj
c:\p4\personal\sd\doomenstein\temporary\doomenstein_x86_release\tile.obj
c:\p4\personal\sd\doomenstein\temporary\doomenstein_x86_release\playercontroller.obj
c:\p4\personal\sd\doomenstein\temporary\doomenstein_x86_release\mapdefinition.obj
c:\p4\personal\sd\doomenstein\temporary\doomenstein_x86_release\map.obj
c:\p4\personal\sd\doomenstein\temporary\doomenstein_x86_release\main_windows.obj
c:\p4\personal\sd\doomenstein\temporary\doomenstein_x86_release\gamecommon.obj
c:\p4\personal\sd\doomenstein\temporary\doomenstein_x86_release\game.obj
c:\p4\personal\sd\doomenstein\temporary\doomenstein_x86_release\controller.obj
c:\p4\personal\sd\doomenstein\temporary\doomenstein_x86_release\app.obj
c:\p4\personal\sd\doomenstein\temporary\doomenstein_x86_release\aicontroller.obj
c:\p4\personal\sd\doomenstein\temporary\doomenstein_x86_release\actorhandle.obj
c:\p4\personal\sd\doomenstein\temporary\doomenstein_x86_release\actordefinition.obj
c:\p4\personal\sd\doomenstein\temporary\doomenstein_x86_release\actor.obj
c:\p4\personal\sd\doomenstein\temporary\doomenstein_x86_release\doomenstein_release_x86.exe
c:\p4\personal\sd\doomenstein\temporary\doomenstein_x86_release\doomenstein_release_x86.pdb
c:\p4\personal\sd\doomenstein\temporary\doomenstein_x86_release\doomenstein_release_x86.ipdb
c:\p4\personal\sd\doomenstein\temporary\doomenstein_x86_release\doomenstein_release_x86.iobj
c:\p4\personal\sd\doomenstein\temporary\doomenstein_x86_release\game.vcxproj.filelistabsolute.txt
c:\p4\personal\sd\doomenstein\temporary\doomenstein_x86_release\doomenstein.tlog\cl.command.1.tlog
c:\p4\personal\sd\doomenstein\temporary\doomenstein_x86_release\doomenstein.tlog\cl.items.tlog
c:\p4\personal\sd\doomenstein\temporary\doomenstein_x86_release\doomenstein.tlog\cl.read.1.tlog
c:\p4\personal\sd\doomenstein\temporary\doomenstein_x86_release\doomenstein.tlog\cl.write.1.tlog
c:\p4\personal\sd\doomenstein\temporary\doomenstein_x86_release\doomenstein.tlog\link.command.1.tlog
c:\p4\personal\sd\doomenstein\temporary\doomenstein_x86_release\doomenstein.tlog\link.read.1.tlog
c:\p4\personal\sd\doomenstein\temporary\doomenstein_x86_release\doomenstein.tlog\link.secondary.1.tlog
c:\p4\personal\sd\doomenstein\temporary\doomenstein_x86_release\doomenstein.tlog\link.write.1.tlog
