c:\p4\personal\sd\doomenstein\temporary\doomenstein_x86_debug\vc143.pdb
c:\p4\personal\sd\doomenstein\temporary\doomenstein_x86_debug\vc143.idb
c:\p4\personal\sd\doomenstein\temporary\doomenstein_x86_debug\weapondefinition.obj
c:\p4\personal\sd\doomenstein\temporary\doomenstein_x86_debug\weapon.obj
c:\p4\personal\sd\doomenstein\temporary\doomenstein_x86_debug\tiledefinition.obj
c:\p4\personal\sd\doomenstein\temporary\doomenstein_x86_debug\tile.obj
c:\p4\personal\sd\doomenstein\temporary\doomenstein_x86_debug\playercontroller.obj
c:\p4\personal\sd\doomenstein\temporary\doomenstein_x86_debug\mapdefinition.obj
c:\p4\personal\sd\doomenstein\temporary\doomenstein_x86_debug\map.obj
c:\p4\personal\sd\doomenstein\temporary\doomenstein_x86_debug\main_windows.obj
c:\p4\personal\sd\doomenstein\temporary\doomenstein_x86_debug\gamecommon.obj
c:\p4\personal\sd\doomenstein\temporary\doomenstein_x86_debug\game.obj
c:\p4\personal\sd\doomenstein\temporary\doomenstein_x86_debug\controller.obj
c:\p4\personal\sd\doomenstein\temporary\doomenstein_x86_debug\app.obj
c:\p4\personal\sd\doomenstein\temporary\doomenstein_x86_debug\aicontroller.obj
c:\p4\personal\sd\doomenstein\temporary\doomenstein_x86_debug\actorhandle.obj
c:\p4\personal\sd\doomenstein\temporary\doomenstein_x86_debug\actordefinition.obj
c:\p4\personal\sd\doomenstein\temporary\doomenstein_x86_debug\actor.obj
c:\p4\personal\sd\doomenstein\temporary\doomenstein_x86_debug\doomenstein_debug_x86.exe
c:\p4\personal\sd\doomenstein\temporary\doomenstein_x86_debug\doomenstein_debug_x86.pdb
c:\p4\personal\sd\doomenstein\temporary\doomenstein_x86_debug\doomenstein_debug_x86.ilk
c:\p4\personal\sd\doomenstein\temporary\doomenstein_x86_debug\game.vcxproj.filelistabsolute.txt
c:\p4\personal\sd\doomenstein\temporary\doomenstein_x86_debug\doomenstein.tlog\cl.command.1.tlog
c:\p4\personal\sd\doomenstein\temporary\doomenstein_x86_debug\doomenstein.tlog\cl.items.tlog
c:\p4\personal\sd\doomenstein\temporary\doomenstein_x86_debug\doomenstein.tlog\cl.read.1.tlog
c:\p4\personal\sd\doomenstein\temporary\doomenstein_x86_debug\doomenstein.tlog\cl.write.1.tlog
c:\p4\personal\sd\doomenstein\temporary\doomenstein_x86_debug\doomenstein.tlog\link.command.1.tlog
c:\p4\personal\sd\doomenstein\temporary\doomenstein_x86_debug\doomenstein.tlog\link.read.1.tlog
c:\p4\personal\sd\doomenstein\temporary\doomenstein_x86_debug\doomenstein.tlog\link.secondary.1.tlog
c:\p4\personal\sd\doomenstein\temporary\doomenstein_x86_debug\doomenstein.tlog\link.write.1.tlog
