  tinyxml2.cpp
  AudioSystem.cpp
  Clock.cpp
  DebugRender.cpp
  DevConsole.cpp
  EngineCommon.cpp
  ErrorWarningAssert.cpp
  EventSystem.cpp
  FileUtils.cpp
  HeatMaps.cpp
  Image.cpp
  NamedStrings.cpp
  Rgba8.cpp
  StringUtils.cpp
  Time.cpp
  Timer.cpp
  VertexUtils.cpp
  Vertex_PCU.cpp
  Vertex_PCUTBN.cpp
  XMLUtils.cpp
  Compiling...
  AABB3.cpp
  CurveUtils.cpp
  Cylinder3D.cpp
  EasingFunctions.cpp
  EulerAngles.cpp
  AnalogJoystick.cpp
  InputSystem.cpp
  KeyButtonState.cpp
  XboxController.cpp
  LineSegment3.cpp
  Mat44.cpp
  AABB2.cpp
  Capsule2.cpp
  Disc2.cpp
  FloatRange.cpp
  IntRange.cpp
  IntVec2.cpp
  LineSegment2.cpp
  MathUtils.cpp
  OBB2.cpp
  Compiling...
  OBB3.cpp
  Plane3.cpp
  RandomNumberGenerator.cpp
  Triangle2.cpp
  Vec2.cpp
  Vec3.cpp
  RaycastUtils.cpp
  Vec4.cpp
  BitmapFont.cpp
  Camera.cpp
  ConstantBuffer.cpp
  IndexBuffer.cpp
  Light.cpp
  Renderer.cpp
  ShadowMap.cpp
  SpriteAnimDefintion.cpp
  SpriteDefinition.cpp
  SpriteSheet.cpp
  Texture.cpp
  Shader.cpp
  Compiling...
  VertexBuffer.cpp
  Sphere.cpp
  Window.cpp
  Engine.vcxproj -> C:\p4\Personal\SD\Chess3D\Temporary\Engine_x64_Release\Engine.lib
