c:\p4\personal\sd\chess3d\temporary\engine_x86_debug\engine.pdb
c:\p4\personal\sd\chess3d\temporary\engine_x86_debug\engine.idb
c:\p4\personal\sd\chess3d\temporary\engine_x86_debug\xmlutils.obj
c:\p4\personal\sd\chess3d\temporary\engine_x86_debug\vertex_pcutbn.obj
c:\p4\personal\sd\chess3d\temporary\engine_x86_debug\vertex_pcu.obj
c:\p4\personal\sd\chess3d\temporary\engine_x86_debug\vertexutils.obj
c:\p4\personal\sd\chess3d\temporary\engine_x86_debug\timer.obj
c:\p4\personal\sd\chess3d\temporary\engine_x86_debug\time.obj
c:\p4\personal\sd\chess3d\temporary\engine_x86_debug\stringutils.obj
c:\p4\personal\sd\chess3d\temporary\engine_x86_debug\rgba8.obj
c:\p4\personal\sd\chess3d\temporary\engine_x86_debug\namedstrings.obj
c:\p4\personal\sd\chess3d\temporary\engine_x86_debug\image.obj
c:\p4\personal\sd\chess3d\temporary\engine_x86_debug\heatmaps.obj
c:\p4\personal\sd\chess3d\temporary\engine_x86_debug\fileutils.obj
c:\p4\personal\sd\chess3d\temporary\engine_x86_debug\eventsystem.obj
c:\p4\personal\sd\chess3d\temporary\engine_x86_debug\errorwarningassert.obj
c:\p4\personal\sd\chess3d\temporary\engine_x86_debug\enginecommon.obj
c:\p4\personal\sd\chess3d\temporary\engine_x86_debug\devconsole.obj
c:\p4\personal\sd\chess3d\temporary\engine_x86_debug\debugrender.obj
c:\p4\personal\sd\chess3d\temporary\engine_x86_debug\clock.obj
c:\p4\personal\sd\chess3d\temporary\engine_x86_debug\audiosystem.obj
c:\p4\personal\sd\chess3d\temporary\engine_x86_debug\tinyxml2.obj
c:\p4\personal\sd\chess3d\temporary\engine_x86_debug\obb2.obj
c:\p4\personal\sd\chess3d\temporary\engine_x86_debug\mathutils.obj
c:\p4\personal\sd\chess3d\temporary\engine_x86_debug\linesegment2.obj
c:\p4\personal\sd\chess3d\temporary\engine_x86_debug\intvec2.obj
c:\p4\personal\sd\chess3d\temporary\engine_x86_debug\intrange.obj
c:\p4\personal\sd\chess3d\temporary\engine_x86_debug\floatrange.obj
c:\p4\personal\sd\chess3d\temporary\engine_x86_debug\disc2.obj
c:\p4\personal\sd\chess3d\temporary\engine_x86_debug\capsule2.obj
c:\p4\personal\sd\chess3d\temporary\engine_x86_debug\aabb2.obj
c:\p4\personal\sd\chess3d\temporary\engine_x86_debug\mat44.obj
c:\p4\personal\sd\chess3d\temporary\engine_x86_debug\linesegment3.obj
c:\p4\personal\sd\chess3d\temporary\engine_x86_debug\xboxcontroller.obj
c:\p4\personal\sd\chess3d\temporary\engine_x86_debug\keybuttonstate.obj
c:\p4\personal\sd\chess3d\temporary\engine_x86_debug\inputsystem.obj
c:\p4\personal\sd\chess3d\temporary\engine_x86_debug\analogjoystick.obj
c:\p4\personal\sd\chess3d\temporary\engine_x86_debug\eulerangles.obj
c:\p4\personal\sd\chess3d\temporary\engine_x86_debug\easingfunctions.obj
c:\p4\personal\sd\chess3d\temporary\engine_x86_debug\cylinder3d.obj
c:\p4\personal\sd\chess3d\temporary\engine_x86_debug\curveutils.obj
c:\p4\personal\sd\chess3d\temporary\engine_x86_debug\aabb3.obj
c:\p4\personal\sd\chess3d\temporary\engine_x86_debug\shader.obj
c:\p4\personal\sd\chess3d\temporary\engine_x86_debug\texture.obj
c:\p4\personal\sd\chess3d\temporary\engine_x86_debug\spritesheet.obj
c:\p4\personal\sd\chess3d\temporary\engine_x86_debug\spritedefinition.obj
c:\p4\personal\sd\chess3d\temporary\engine_x86_debug\spriteanimdefintion.obj
c:\p4\personal\sd\chess3d\temporary\engine_x86_debug\shadowmap.obj
c:\p4\personal\sd\chess3d\temporary\engine_x86_debug\renderer.obj
c:\p4\personal\sd\chess3d\temporary\engine_x86_debug\light.obj
c:\p4\personal\sd\chess3d\temporary\engine_x86_debug\indexbuffer.obj
c:\p4\personal\sd\chess3d\temporary\engine_x86_debug\constantbuffer.obj
c:\p4\personal\sd\chess3d\temporary\engine_x86_debug\camera.obj
c:\p4\personal\sd\chess3d\temporary\engine_x86_debug\bitmapfont.obj
c:\p4\personal\sd\chess3d\temporary\engine_x86_debug\vec4.obj
c:\p4\personal\sd\chess3d\temporary\engine_x86_debug\raycastutils.obj
c:\p4\personal\sd\chess3d\temporary\engine_x86_debug\vec3.obj
c:\p4\personal\sd\chess3d\temporary\engine_x86_debug\vec2.obj
c:\p4\personal\sd\chess3d\temporary\engine_x86_debug\triangle2.obj
c:\p4\personal\sd\chess3d\temporary\engine_x86_debug\randomnumbergenerator.obj
c:\p4\personal\sd\chess3d\temporary\engine_x86_debug\plane3.obj
c:\p4\personal\sd\chess3d\temporary\engine_x86_debug\obb3.obj
c:\p4\personal\sd\chess3d\temporary\engine_x86_debug\window.obj
c:\p4\personal\sd\chess3d\temporary\engine_x86_debug\sphere.obj
c:\p4\personal\sd\chess3d\temporary\engine_x86_debug\vertexbuffer.obj
c:\p4\personal\sd\chess3d\temporary\engine_x86_debug\engine.lib
c:\p4\personal\sd\chess3d\temporary\engine_x86_debug\engine.vcxproj.filelistabsolute.txt
c:\p4\personal\sd\chess3d\temporary\engine_x86_debug\engine.tlog\cl.command.1.tlog
c:\p4\personal\sd\chess3d\temporary\engine_x86_debug\engine.tlog\cl.items.tlog
c:\p4\personal\sd\chess3d\temporary\engine_x86_debug\engine.tlog\cl.read.1.tlog
c:\p4\personal\sd\chess3d\temporary\engine_x86_debug\engine.tlog\cl.write.1.tlog
c:\p4\personal\sd\chess3d\temporary\engine_x86_debug\engine.tlog\lib-link.write.1.tlog
c:\p4\personal\sd\chess3d\temporary\engine_x86_debug\engine.tlog\lib.command.1.tlog
c:\p4\personal\sd\chess3d\temporary\engine_x86_debug\engine.tlog\lib.read.1.tlog
